INFO:root:started!
INFO:root:thread cv
INFO:root:robot_60 started!
INFO:root:Robot95 finished recieving message - [60, 'Elect leader']
INFO:root:Robot21 finished recieving message - [60, 'Elect leader']
INFO:root:Robot85 finished recieving message - [60, 'Elect leader']
INFO:root:robot_95 started!
INFO:root:Robot46 finished recieving message - [60, 'Elect leader']
INFO:root:Robot60 finished recieving message - [95, 'Elect leader']
INFO:root:robot_21 started!
INFO:root:robot_85 started!
INFO:root:Robot21 finished recieving message - [95, 'Elect leader']
INFO:root:Robot60 finished recieving message - [21, 'Elect leader']
INFO:root:Robot60 finished recieving message - [85, 'Elect leader']
INFO:root:robot_46 started!
INFO:root:Robot85 finished recieving message - [95, 'Elect leader']
INFO:root:Robot95 finished recieving message - [21, 'Elect leader']
INFO:root:Robot95 finished recieving message - [85, 'Elect leader']
INFO:root:Robot60 finished recieving message - [46, 'Elect leader']
INFO:root:Robot95 Waiting for leader to be elected
INFO:root:Robot46 finished recieving message - [95, 'Elect leader']
INFO:root:Robot85 finished recieving message - [21, 'Elect leader']
INFO:root:Robot21 finished recieving message - [85, 'Elect leader']
INFO:root:Robot95 finished recieving message - [46, 'Elect leader']
INFO:root:Robot95 Waiting for leader to be elected
INFO:root:Robot60 finished recieving message - [95, 'position', [1, 3]]
INFO:root:Robot46 finished recieving message - [21, 'Elect leader']
INFO:root:Robot46 finished recieving message - [85, 'Elect leader']
INFO:root:Robot21 finished recieving message - [46, 'Elect leader']
INFO:root:Robot95 finished recieving message - [60, 'position', [1, 1]]
INFO:root:Robot21 Waiting for leader to be elected
INFO:root:21 is the leader!
INFO:root:Robot85 finished recieving message - [46, 'Elect leader']
INFO:root:Robot60 finished recieving message - [85, 'position', [1, 4]]
INFO:root:Robot21 finished recieving message - [60, 'position', [1, 1]]
INFO:root:Robot21 finished recieving message - [95, 'position', [1, 3]]
INFO:root:Robot60 finished recieving message - [21, 'position', [4, 3]]
INFO:root:Robot60 finished recieving message - [46, 'position', [2, 2]]
INFO:root:Robot95 finished recieving message - [85, 'position', [1, 4]]
INFO:root:Robot85 finished recieving message - [60, 'position', [1, 1]]
INFO:root:Robot85 finished recieving message - [95, 'position', [1, 3]]
INFO:root:Robot95 finished recieving message - [21, 'position', [4, 3]]
INFO:root:Robot85 finished recieving message - [21, 'position', [4, 3]]
INFO:root:Robot21 finished recieving message - [85, 'position', [1, 4]]
INFO:root:Robot46 finished recieving message - [60, 'position', [1, 1]]
INFO:root:Robot46 finished recieving message - [95, 'position', [1, 3]]
INFO:root:Robot95 finished recieving message - [46, 'position', [2, 2]]
INFO:root:Robot46 finished recieving message - [21, 'position', [4, 3]]
INFO:root:Robot46 finished recieving message - [85, 'position', [1, 4]]
INFO:root:Robot95 start while
INFO:root:Robot60 start while
INFO:root:Robot21 finished recieving message - [46, 'position', [2, 2]]
INFO:root:Robot85 finished recieving message - [46, 'position', [2, 2]]
INFO:root:Robot85 start while
INFO:root:Robot21 start while
INFO:root:Robot46 start while
INFO:root:Running robotPlacement filling!
INFO:root:starting loop again with numAdded =0
INFO:root:TEMP ADD 95 is the lowest robot with distance 0 for space number 1 at location 1, 3
INFO:root:TEMP ADD 60 is the lowest robot with distance 0 for space number 2 at location 1, 1
INFO:root:TEMP ADD 46 is the lowest robot with distance 0 for space number 3 at location 2, 2
INFO:root:TEMP ADD 85 is the lowest robot with distance 12 for space number 4 at location 0, 2
INFO:root:Starting add ring places to robotPlacementTemp with: tempRobotList=['21'] posListTemp=[[0, 1]]
INFO:root:Ring posListTemp:[[0, 1]] tempRobotList:['21']
INFO:root:TEMP ADD RING21 is the lowest robot with distance 24 at location 0, 1
INFO:root:done with ring - robotPlacementTemp=[['95', 1, 3, 0], ['60', 1, 1, 0], ['46', 2, 2, 0], ['85', 0, 2, 12], ['21', 0, 1, 24]]
INFO:root:before sort desc robotPlacement [['95', 1, 3, 0], ['60', 1, 1, 0], ['46', 2, 2, 0], ['85', 0, 2, 12], ['21', 0, 1, 24]]
INFO:root:after sort desc robotPlacement [['21', 0, 1, 24], ['85', 0, 2, 12], ['95', 1, 3, 0], ['60', 1, 1, 0], ['46', 2, 2, 0]]
INFO:root:60 is the lowest robot with distance 4 for space number 1 at location 0, 1
INFO:root:95 is the lowest robot with distance 8 for space number 2 at location 0, 2
INFO:root:85 is the lowest robot with distance 1 for space number 3 at location 1, 3
INFO:root:46 is the lowest robot with distance 8 for space number 4 at location 1, 1
INFO:root:21 is the lowest robot with distance 3 for space number 5 at location 2, 2
INFO:root:before sort ascend robotPlacement [['60', 0, 1, 4], ['95', 0, 2, 8], ['85', 1, 3, 1], ['46', 1, 1, 8], ['21', 2, 2, 3]]
INFO:root:after sort ascend robotPlacement [['85', 1, 3, 1], ['21', 2, 2, 3], ['60', 0, 1, 4], ['95', 0, 2, 8], ['46', 1, 1, 8]]
INFO:root:robotPlacement = [['85', 1, 3, 1], ['21', 2, 2, 3], ['60', 0, 1, 4], ['95', 0, 2, 8], ['46', 1, 1, 8]]
INFO:root:robotPlacement after sort = [['85', 1, 3, 1], ['21', 2, 2, 3], ['60', 0, 1, 4], ['95', 0, 2, 8], ['46', 1, 1, 8]]
INFO:root:MoveAndSend - id:85 destx:1 destY:3 curX:1 curY:4
INFO:root:Starting 'L' path for robot:85
INFO:root:Calling MoveVert 'L' for robot:85 xMove:1 yMove:4 moveDown:False
INFO:root:tryMoveVert finished and got [1 3]
INFO:root:Path found! - [[2, 1, 3]]
INFO:root:u move
INFO:root:Robot60 finished recieving message - ['85', 'Move', 'u']
INFO:root:Robot95 finished recieving message - ['85', 'Move', 'u']
INFO:root:Robot21 finished recieving message - ['85', 'Move', 'u']
INFO:root:Robot85 finished recieving message - ['85', 'Move', 'u']
INFO:root:Robot46 finished recieving message - ['85', 'Move', 'u']
INFO:root:pathList after moving robot:85 = ['2 1 3']
INFO:root:MoveAndSend - id:21 destx:2 destY:2 curX:4 curY:3
INFO:root:Starting 'L' path for robot:21
INFO:root:Calling MoveVert 'L' for robot:21 xMove:4 yMove:3 moveDown:False
INFO:root:tryMoveVert finished and got [4 2]
INFO:root:tryMoveHor succeeded and got [2 2]
INFO:root:Path found! - [[2, 4, 2], [3, 3, 2], [4, 2, 2]]
INFO:root:u move
INFO:root:update for 21 curX-4  curY-2  prevX-4  prevY-3
INFO:root:pathList after moving robot:21 = ['2 1 3', '2 4 2', '3 3 2', '4 2 2']
INFO:root:MoveAndSend - id:60 destx:0 destY:1 curX:1 curY:1
INFO:root:Starting 'L' path for robot:60
INFO:root:Robot85 About to move!
INFO:root:Calling MoveVert 'L' for robot:60 xMove:1 yMove:1 moveDown:True
INFO:root:tryMoveVert finished and got [1 1]
INFO:root:tryMoveHor succeeded and got [0 1]
INFO:root:Path found! - [[2, 0, 1]]
INFO:root:l move
INFO:root:Robot60 finished recieving message - ['60', 'Move', 'l']
INFO:root:Robot60 About to move!
INFO:root:Robot95 finished recieving message - ['60', 'Move', 'l']
INFO:root:update for 60 curX-0  curY-1  prevX-1  prevY-1
INFO:root:Robot21 finished recieving message - ['60', 'Move', 'l']
INFO:root:Robot85 finished recieving message - ['60', 'Move', 'l']
INFO:root:Robot46 finished recieving message - ['60', 'Move', 'l']
INFO:root:pathList after moving robot:60 = ['2 1 3', '2 4 2', '3 3 2', '4 2 2', '2 0 1']
INFO:root:MoveAndSend - id:95 destx:0 destY:2 curX:1 curY:3
INFO:root:Starting 'L' path for robot:95
INFO:root:Calling MoveVert 'L' for robot:95 xMove:1 yMove:3 moveDown:False
INFO:root:tryMoveVert finished and got [1 3]
INFO:root:tryMoveHor succeeded and got [0 3]
INFO:root:Starting 'L' path for robot:95
INFO:root:Calling MoveVert 'L' for robot:95 xMove:0 yMove:3 moveDown:False
INFO:root:tryMoveVert finished and got [0 2]
INFO:root:Path found! - [[1, 0, 3], [2, 0, 2]]
INFO:root:l move
INFO:root:Robot60 finished recieving message - ['95', 'Move', 'l']
INFO:root:Robot95 finished recieving message - ['95', 'Move', 'l']
INFO:root:Robot21 finished recieving message - ['95', 'Move', 'l']
INFO:root:Robot85 finished recieving message - ['95', 'Move', 'l']
INFO:root:Robot95 About to move!
INFO:root:Robot46 finished recieving message - ['95', 'Move', 'l']
INFO:root:update for 95 curX-0  curY-3  prevX-1  prevY-3
INFO:root:pathList after moving robot:95 = ['2 1 3', '2 4 2', '3 3 2', '4 2 2', '2 0 1', '1 0 3', '2 0 2']
INFO:root:MoveAndSend - id:46 destx:1 destY:1 curX:2 curY:2
INFO:root:Starting 'L' path for robot:46
INFO:root:Calling MoveVert 'L' for robot:46 xMove:2 yMove:2 moveDown:False
INFO:root:tryMoveVert finished and got [2 1]
INFO:root:tryMoveHor succeeded and got [1 1]
INFO:root:Path found! - [[2, 2, 1], [3, 1, 1]]
INFO:root:u move
INFO:root:Robot60 finished recieving message - ['46', 'Move', 'u']
INFO:root:Robot95 finished recieving message - ['46', 'Move', 'u']
INFO:root:Robot21 finished recieving message - ['46', 'Move', 'u']
INFO:root:Robot85 finished recieving message - ['46', 'Move', 'u']
INFO:root:Robot46 finished recieving message - ['46', 'Move', 'u']
INFO:root:Robot46 About to move!
INFO:root:pathList after moving robot:46 = ['2 1 3', '2 4 2', '3 3 2', '4 2 2', '2 0 1', '1 0 3', '2 0 2', '2 2 1', '3 1 1']
INFO:root:update for 46 curX-2  curY-1  prevX-2  prevY-2
INFO:root:Robot60 finished recieving message - [21, 'position', [4, 2]]
INFO:root:Robot60 finished recieving message - [95, 'position', [0, 3]]
INFO:root:Robot60 finished recieving message - [46, 'position', [2, 1]]
INFO:root:Robot95 finished recieving message - [60, 'position', [0, 1]]
INFO:root:Robot60 finished recieving message - [85, 'position', [1, 4]]
INFO:root:Robot95 finished recieving message - [21, 'position', [4, 2]]
INFO:root:Robot21 finished recieving message - [95, 'position', [0, 3]]
INFO:root:Robot95 finished recieving message - [46, 'position', [2, 1]]
INFO:root:Robot21 finished recieving message - [60, 'position', [0, 1]]
INFO:root:Robot95 finished recieving message - [85, 'position', [1, 4]]
INFO:root:Robot85 finished recieving message - [21, 'position', [4, 2]]
INFO:root:Robot85 finished recieving message - [95, 'position', [0, 3]]
INFO:root:Robot21 finished recieving message - [46, 'position', [2, 1]]
INFO:root:Robot85 finished recieving message - [60, 'position', [0, 1]]
INFO:root:Robot21 finished recieving message - [85, 'position', [1, 4]]
INFO:root:Robot46 finished recieving message - [21, 'position', [4, 2]]
INFO:root:Robot46 finished recieving message - [95, 'position', [0, 3]]
INFO:root:Robot85 finished recieving message - [46, 'position', [2, 1]]
INFO:root:Robot46 finished recieving message - [60, 'position', [0, 1]]
INFO:root:Robot46 finished recieving message - [85, 'position', [1, 4]]
INFO:root:Robot21 start while
INFO:root:Robot95 start while
INFO:root:Robot46 start while
INFO:root:Robot60 start while
INFO:root:Robot85 start while
INFO:root:Running robotPlacement filling!
INFO:root:starting loop again with numAdded =0
INFO:root:TEMP ADD 46 is the lowest robot with distance 1 for space number 1 at location 1, 1
INFO:root:TEMP ADD 85 is the lowest robot with distance 1 for space number 2 at location 1, 3
INFO:root:TEMP ADD 60 is the lowest robot with distance 1 for space number 3 at location 0, 2
INFO:root:TEMP ADD 21 is the lowest robot with distance 2 for space number 4 at location 2, 2
INFO:root:Starting add ring places to robotPlacementTemp with: tempRobotList=['95'] posListTemp=[[0, 1]]
INFO:root:Ring posListTemp:[[0, 1]] tempRobotList:['95']
INFO:root:TEMP ADD RING95 is the lowest robot with distance 8 at location 0, 1
INFO:root:done with ring - robotPlacementTemp=[['46', 1, 1, 1], ['85', 1, 3, 1], ['60', 0, 2, 1], ['21', 2, 2, 2], ['95', 0, 1, 8]]
INFO:root:before sort desc robotPlacement [['46', 1, 1, 1], ['85', 1, 3, 1], ['60', 0, 2, 1], ['21', 2, 2, 2], ['95', 0, 1, 8]]
INFO:root:after sort desc robotPlacement [['95', 0, 1, 8], ['21', 2, 2, 2], ['46', 1, 1, 1], ['85', 1, 3, 1], ['60', 0, 2, 1]]
INFO:root:60 is the lowest robot with distance 0 for space number 1 at location 0, 1
INFO:root:46 is the lowest robot with distance 1 for space number 2 at location 2, 2
INFO:root:85 is the lowest robot with distance 12 for space number 3 at location 1, 1
INFO:root:95 is the lowest robot with distance 1 for space number 4 at location 1, 3
INFO:root:21 is the lowest robot with distance 16 for space number 5 at location 0, 2
INFO:root:before sort ascend robotPlacement [['60', 0, 1, 0], ['46', 2, 2, 1], ['85', 1, 1, 12], ['95', 1, 3, 1], ['21', 0, 2, 16]]
INFO:root:after sort ascend robotPlacement [['60', 0, 1, 0], ['46', 2, 2, 1], ['95', 1, 3, 1], ['85', 1, 1, 12], ['21', 0, 2, 16]]
INFO:root:robotPlacement = [['60', 0, 1, 0], ['46', 2, 2, 1], ['95', 1, 3, 1], ['85', 1, 1, 12], ['21', 0, 2, 16]]
INFO:root:robotPlacement after sort = [['60', 0, 1, 0], ['46', 2, 2, 1], ['95', 1, 3, 1], ['85', 1, 1, 12], ['21', 0, 2, 16]]
INFO:root:MoveAndSend - id:60 destx:0 destY:1 curX:0 curY:1
INFO:root:Starting 'L' path for robot:60
INFO:root:Calling MoveVert 'L' for robot:60 xMove:0 yMove:1 moveDown:True
INFO:root:tryMoveVert finished and got [0 1]
INFO:root:Path found! - []
INFO:root:path actually isn't found!
INFO:root:n move
INFO:root:Robot60 finished recieving message - ['60', 'Move', 'n']
INFO:root:Robot60 About to move!
INFO:root:Robot95 finished recieving message - ['60', 'Move', 'n']
INFO:root:Robot21 finished recieving message - ['60', 'Move', 'n']
INFO:root:Robot85 finished recieving message - ['60', 'Move', 'n']
INFO:root:Robot46 finished recieving message - ['60', 'Move', 'n']
INFO:root:pathList after moving robot:60 = []
INFO:root:MoveAndSend - id:46 destx:2 destY:2 curX:2 curY:1
INFO:root:Starting 'L' path for robot:46
INFO:root:Calling MoveVert 'L' for robot:46 xMove:2 yMove:1 moveDown:True
INFO:root:tryMoveVert finished and got [2 2]
INFO:root:Path found! - [[2, 2, 2]]
INFO:root:d move
INFO:root:Robot60 finished recieving message - ['46', 'Move', 'd']
INFO:root:Robot95 finished recieving message - ['46', 'Move', 'd']
INFO:root:Robot21 finished recieving message - ['46', 'Move', 'd']
INFO:root:Robot85 finished recieving message - ['46', 'Move', 'd']
INFO:root:Robot46 finished recieving message - ['46', 'Move', 'd']
INFO:root:pathList after moving robot:46 = ['2 2 2']
INFO:root:MoveAndSend - id:95 destx:1 destY:3 curX:0 curY:3
INFO:root:Starting 'L' path for robot:95
INFO:root:Calling MoveVert 'L' for robot:95 xMove:0 yMove:3 moveDown:True
INFO:root:tryMoveVert finished and got [0 3]
INFO:root:tryMoveHor succeeded and got [1 3]
INFO:root:Path found! - [[2, 1, 3]]
INFO:root:Robot46 About to move!
INFO:root:r move
INFO:root:update for 46 curX-2  curY-2  prevX-2  prevY-1
INFO:root:Robot60 finished recieving message - ['95', 'Move', 'r']
INFO:root:Robot95 finished recieving message - ['95', 'Move', 'r']
INFO:root:Robot95 About to move!
INFO:root:Robot21 finished recieving message - ['95', 'Move', 'r']
INFO:root:update for 95 curX-1  curY-3  prevX-0  prevY-3
INFO:root:Robot85 finished recieving message - ['95', 'Move', 'r']
INFO:root:Robot46 finished recieving message - ['95', 'Move', 'r']
INFO:root:pathList after moving robot:95 = ['2 2 2', '2 1 3']
INFO:root:MoveAndSend - id:85 destx:1 destY:1 curX:1 curY:4
INFO:root:Starting 'L' path for robot:85
INFO:root:Calling MoveVert 'L' for robot:85 xMove:1 yMove:4 moveDown:False
INFO:root:tryMoveVert finished and got [1 4]
ERROR:root:No valid 'L' path for robot:85! Stuck on [1, 4] so try arc path!
INFO:root:Starting arc path past depth to dest Y for robot:<built-in function id>
INFO:root:tryMoveHor succeeded and got [1 5]
INFO:root:Calling MoveVert arcPath for robot:<built-in function id> xMove:1 yMove:5 not moveDown:True
INFO:root:tryMoveVert finished and got [1 4]
INFO:root:Starting arc path past depth to dest Y for robot:<built-in function id>
ERROR:root:No valid arc path past depth due to collision for robot:<built-in function id>! Stuck on [1, 4] so do nothing
INFO:root:Do nothing path for robot:85!
INFO:root:n move
INFO:root:Robot60 finished recieving message - ['85', 'Move', 'n']
INFO:root:Robot95 finished recieving message - ['85', 'Move', 'n']
INFO:root:Robot21 finished recieving message - ['85', 'Move', 'n']
INFO:root:Robot85 finished recieving message - ['85', 'Move', 'n']
INFO:root:Robot85 About to move!
INFO:root:Robot46 finished recieving message - ['85', 'Move', 'n']
INFO:root:pathList after moving robot:85 = ['2 2 2', '2 1 3', '1 1 4']
INFO:root:MoveAndSend - id:21 destx:0 destY:2 curX:4 curY:2
INFO:root:Starting 'L' path for robot:21
INFO:root:Calling MoveVert 'L' for robot:21 xMove:4 yMove:2 moveDown:True
INFO:root:tryMoveVert finished and got [4 2]
INFO:root:tryMoveVert failed
INFO:root:Starting 'L' path for robot:21
INFO:root:tryMoveVert failed
INFO:root:Starting 'L' path for robot:21
INFO:root:tryMoveHor succeeded and got [0 0]
INFO:root:Starting 'L' path for robot:21
INFO:root:Calling MoveVert 'L' for robot:21 xMove:0 yMove:0 moveDown:True
INFO:root:tryMoveVert finished and got [0 0]
ERROR:root:No valid 'L' path for robot:21! Stuck on [0, 0] so try arc path!
INFO:root:Starting arc path past depth to dest Y for robot:<built-in function id>
INFO:root:tryMoveVert failed
INFO:root:tryMoveHor succeeded and got [0 4]
INFO:root:Calling MoveVert arcPath for robot:<built-in function id> xMove:0 yMove:4 not moveDown:True
INFO:root:tryMoveVert finished and got [0 2]
INFO:root:Path found! - [[2, 4, 3], [3, 3, 3], [4, 2, 3], [3, -1, 4], [4, 0, 4], [5, 0, 3], [6, 0, 2]]
INFO:root:d move
INFO:root:update for 21 curX-4  curY-3  prevX-4  prevY-2
INFO:root:pathList after moving robot:21 = ['2 2 2', '2 1 3', '1 1 4', '2 4 3', '3 3 3', '4 2 3', '3 -1 4', '4 0 4', '5 0 3', '6 0 2']
INFO:root:Robot60 finished recieving message - [95, 'position', [1, 3]]
INFO:root:Robot60 finished recieving message - [46, 'position', [2, 2]]
INFO:root:Robot60 finished recieving message - [85, 'position', [1, 4]]
INFO:root:Robot60 finished recieving message - [21, 'position', [4, 3]]
INFO:root:Robot95 finished recieving message - [60, 'position', [0, 1]]
INFO:root:Robot21 finished recieving message - [95, 'position', [1, 3]]
INFO:root:Robot95 finished recieving message - [46, 'position', [2, 2]]
INFO:root:Robot95 finished recieving message - [85, 'position', [1, 4]]
INFO:root:Robot95 finished recieving message - [21, 'position', [4, 3]]
INFO:root:Robot21 finished recieving message - [60, 'position', [0, 1]]
INFO:root:Robot85 finished recieving message - [95, 'position', [1, 3]]
INFO:root:Robot21 finished recieving message - [46, 'position', [2, 2]]
INFO:root:Robot21 finished recieving message - [85, 'position', [1, 4]]
INFO:root:Robot85 finished recieving message - [21, 'position', [4, 3]]
INFO:root:Robot85 finished recieving message - [60, 'position', [0, 1]]
INFO:root:Robot46 finished recieving message - [95, 'position', [1, 3]]
INFO:root:Robot85 finished recieving message - [46, 'position', [2, 2]]
INFO:root:Robot46 finished recieving message - [85, 'position', [1, 4]]
INFO:root:Robot46 finished recieving message - [21, 'position', [4, 3]]
INFO:root:Robot46 finished recieving message - [60, 'position', [0, 1]]
INFO:root:Robot95 start while
INFO:root:Robot46 start while
INFO:root:Robot85 start while
INFO:root:Robot21 start while
INFO:root:Robot60 start while
INFO:root:Running robotPlacement filling!
INFO:root:starting loop again with numAdded =0
INFO:root:TEMP ADD 46 is the lowest robot with distance 0 for space number 1 at location 2, 2
INFO:root:TEMP ADD 95 is the lowest robot with distance 0 for space number 2 at location 1, 3
INFO:root:TEMP ADD 60 is the lowest robot with distance 1 for space number 3 at location 1, 1
INFO:root:TEMP ADD 85 is the lowest robot with distance 12 for space number 4 at location 0, 2
INFO:root:Starting add ring places to robotPlacementTemp with: tempRobotList=['21'] posListTemp=[[0, 1]]
INFO:root:Ring posListTemp:[[0, 1]] tempRobotList:['21']
INFO:root:TEMP ADD RING21 is the lowest robot with distance 24 at location 0, 1
INFO:root:done with ring - robotPlacementTemp=[['46', 2, 2, 0], ['95', 1, 3, 0], ['60', 1, 1, 1], ['85', 0, 2, 12], ['21', 0, 1, 24]]
INFO:root:before sort desc robotPlacement [['46', 2, 2, 0], ['95', 1, 3, 0], ['60', 1, 1, 1], ['85', 0, 2, 12], ['21', 0, 1, 24]]
INFO:root:after sort desc robotPlacement [['21', 0, 1, 24], ['85', 0, 2, 12], ['60', 1, 1, 1], ['46', 2, 2, 0], ['95', 1, 3, 0]]
INFO:root:60 is the lowest robot with distance 0 for space number 1 at location 0, 1
INFO:root:46 is the lowest robot with distance 8 for space number 2 at location 0, 2
INFO:root:95 is the lowest robot with distance 8 for space number 3 at location 1, 1
INFO:root:21 is the lowest robot with distance 3 for space number 4 at location 2, 2
INFO:root:85 is the lowest robot with distance 1 for space number 5 at location 1, 3
INFO:root:before sort ascend robotPlacement [['60', 0, 1, 0], ['46', 0, 2, 8], ['95', 1, 1, 8], ['21', 2, 2, 3], ['85', 1, 3, 1]]
INFO:root:after sort ascend robotPlacement [['60', 0, 1, 0], ['85', 1, 3, 1], ['21', 2, 2, 3], ['46', 0, 2, 8], ['95', 1, 1, 8]]
INFO:root:robotPlacement = [['60', 0, 1, 0], ['85', 1, 3, 1], ['21', 2, 2, 3], ['46', 0, 2, 8], ['95', 1, 1, 8]]
INFO:root:robotPlacement after sort = [['60', 0, 1, 0], ['85', 1, 3, 1], ['21', 2, 2, 3], ['46', 0, 2, 8], ['95', 1, 1, 8]]
INFO:root:MoveAndSend - id:60 destx:0 destY:1 curX:0 curY:1
INFO:root:Starting 'L' path for robot:60
INFO:root:Calling MoveVert 'L' for robot:60 xMove:0 yMove:1 moveDown:True
INFO:root:tryMoveVert finished and got [0 1]
INFO:root:Path found! - []
INFO:root:path actually isn't found!
INFO:root:n move
INFO:root:Robot60 finished recieving message - ['60', 'Move', 'n']
INFO:root:Robot95 finished recieving message - ['60', 'Move', 'n']
INFO:root:Robot21 finished recieving message - ['60', 'Move', 'n']
INFO:root:Robot60 About to move!
INFO:root:Robot85 finished recieving message - ['60', 'Move', 'n']
INFO:root:Robot46 finished recieving message - ['60', 'Move', 'n']
INFO:root:pathList after moving robot:60 = []
INFO:root:MoveAndSend - id:85 destx:1 destY:3 curX:1 curY:4
INFO:root:Starting 'L' path for robot:85
INFO:root:Calling MoveVert 'L' for robot:85 xMove:1 yMove:4 moveDown:False
INFO:root:tryMoveVert finished and got [1 3]
INFO:root:Path found! - [[2, 1, 3]]
INFO:root:u move
INFO:root:Robot60 finished recieving message - ['85', 'Move', 'u']
INFO:root:Robot95 finished recieving message - ['85', 'Move', 'u']
INFO:root:Robot21 finished recieving message - ['85', 'Move', 'u']
INFO:root:Robot85 finished recieving message - ['85', 'Move', 'u']
INFO:root:Robot46 finished recieving message - ['85', 'Move', 'u']
INFO:root:pathList after moving robot:85 = ['2 1 3']
INFO:root:Robot85 About to move!
INFO:root:MoveAndSend - id:21 destx:2 destY:2 curX:4 curY:3
INFO:root:Starting 'L' path for robot:21
INFO:root:Calling MoveVert 'L' for robot:21 xMove:4 yMove:3 moveDown:False
INFO:root:tryMoveVert finished and got [4 2]
INFO:root:tryMoveHor succeeded and got [2 2]
INFO:root:Path found! - [[2, 4, 2], [3, 3, 2], [4, 2, 2]]
INFO:root:u move
INFO:root:update for 21 curX-4  curY-2  prevX-4  prevY-3
INFO:root:pathList after moving robot:21 = ['2 1 3', '2 4 2', '3 3 2', '4 2 2']
INFO:root:MoveAndSend - id:46 destx:0 destY:2 curX:2 curY:2
INFO:root:Starting 'L' path for robot:46
INFO:root:Calling MoveVert 'L' for robot:46 xMove:2 yMove:2 moveDown:True
INFO:root:tryMoveVert finished and got [2 2]
INFO:root:tryMoveVert failed
ERROR:root:No valid path #2 for robot:46! Stuck on [-1, 1] so try arc path!
INFO:root:Starting arc path past depth to dest Y for robot:<built-in function id>
INFO:root:tryMoveVert failed
INFO:root:tryMoveHor succeeded and got [0 4]
INFO:root:Calling MoveVert arcPath for robot:<built-in function id> xMove:0 yMove:4 not moveDown:True
INFO:root:tryMoveVert finished and got [0 2]
INFO:root:Path found! - [[2, 2, 3], [3, -1, 4], [4, 0, 4], [5, 0, 3], [6, 0, 2]]
INFO:root:d move
INFO:root:Robot60 finished recieving message - ['46', 'Move', 'd']
INFO:root:Robot95 finished recieving message - ['46', 'Move', 'd']
INFO:root:Robot21 finished recieving message - ['46', 'Move', 'd']
INFO:root:Robot85 finished recieving message - ['46', 'Move', 'd']
INFO:root:Robot46 finished recieving message - ['46', 'Move', 'd']
INFO:root:Robot46 About to move!
INFO:root:pathList after moving robot:46 = ['2 1 3', '2 4 2', '3 3 2', '4 2 2', '2 2 3', '3 -1 4', '4 0 4', '5 0 3', '6 0 2']
INFO:root:update for 46 curX-2  curY-3  prevX-2  prevY-2
INFO:root:MoveAndSend - id:95 destx:1 destY:1 curX:1 curY:3
INFO:root:Starting 'L' path for robot:95
INFO:root:Calling MoveVert 'L' for robot:95 xMove:1 yMove:3 moveDown:False
INFO:root:tryMoveVert finished and got [1 3]
ERROR:root:No valid 'L' path for robot:95! Stuck on [1, 3] so try arc path!
INFO:root:Starting arc path past depth to dest Y for robot:<built-in function id>
INFO:root:tryMoveHor succeeded and got [1 4]
INFO:root:Calling MoveVert arcPath for robot:<built-in function id> xMove:1 yMove:4 not moveDown:True
INFO:root:tryMoveVert finished and got [1 4]
INFO:root:Starting arc path past depth to dest Y for robot:<built-in function id>
ERROR:root:No valid arc path past depth due to collision for robot:<built-in function id>! Stuck on [1, 3] so do nothing
INFO:root:Do nothing path for robot:95!
INFO:root:n move
INFO:root:Robot60 finished recieving message - ['95', 'Move', 'n']
INFO:root:Robot95 finished recieving message - ['95', 'Move', 'n']
INFO:root:Robot95 About to move!
INFO:root:Robot21 finished recieving message - ['95', 'Move', 'n']
INFO:root:Robot85 finished recieving message - ['95', 'Move', 'n']
INFO:root:Robot46 finished recieving message - ['95', 'Move', 'n']
INFO:root:pathList after moving robot:95 = ['2 1 3', '2 4 2', '3 3 2', '4 2 2', '2 2 3', '3 -1 4', '4 0 4', '5 0 3', '6 0 2', '1 1 3']
INFO:root:Robot60 finished recieving message - [85, 'position', [1, 4]]
INFO:root:Robot60 finished recieving message - [46, 'position', [2, 3]]
INFO:root:Robot95 finished recieving message - [60, 'position', [0, 1]]
INFO:root:Robot60 finished recieving message - [95, 'position', [1, 3]]
INFO:root:Robot60 finished recieving message - [21, 'position', [4, 2]]
INFO:root:Robot95 finished recieving message - [85, 'position', [1, 4]]
INFO:root:Robot95 finished recieving message - [46, 'position', [2, 3]]
INFO:root:Robot21 finished recieving message - [60, 'position', [0, 1]]
INFO:root:Robot21 finished recieving message - [95, 'position', [1, 3]]
INFO:root:Robot95 finished recieving message - [21, 'position', [4, 2]]
INFO:root:Robot21 finished recieving message - [85, 'position', [1, 4]]
INFO:root:Robot21 finished recieving message - [46, 'position', [2, 3]]
INFO:root:Robot85 finished recieving message - [60, 'position', [0, 1]]
INFO:root:Robot85 finished recieving message - [95, 'position', [1, 3]]
INFO:root:Robot85 finished recieving message - [21, 'position', [4, 2]]
INFO:root:Robot46 finished recieving message - [85, 'position', [1, 4]]
INFO:root:Robot85 finished recieving message - [46, 'position', [2, 3]]
INFO:root:Robot46 finished recieving message - [60, 'position', [0, 1]]
INFO:root:Robot46 finished recieving message - [95, 'position', [1, 3]]
INFO:root:Robot46 finished recieving message - [21, 'position', [4, 2]]
INFO:root:Robot85 start while
INFO:root:Robot46 start while
INFO:root:Robot60 start while
INFO:root:Robot95 start while
INFO:root:Robot21 start while
INFO:root:Running robotPlacement filling!
INFO:root:starting loop again with numAdded =0
INFO:root:TEMP ADD 95 is the lowest robot with distance 0 for space number 1 at location 1, 3
INFO:root:TEMP ADD 60 is the lowest robot with distance 1 for space number 2 at location 1, 1
INFO:root:TEMP ADD 46 is the lowest robot with distance 1 for space number 3 at location 2, 2
INFO:root:TEMP ADD 85 is the lowest robot with distance 12 for space number 4 at location 0, 2
INFO:root:Starting add ring places to robotPlacementTemp with: tempRobotList=['21'] posListTemp=[[0, 1]]
INFO:root:Ring posListTemp:[[0, 1]] tempRobotList:['21']
INFO:root:TEMP ADD RING21 is the lowest robot with distance 20 at location 0, 1
INFO:root:done with ring - robotPlacementTemp=[['95', 1, 3, 0], ['60', 1, 1, 1], ['46', 2, 2, 1], ['85', 0, 2, 12], ['21', 0, 1, 20]]
INFO:root:before sort desc robotPlacement [['95', 1, 3, 0], ['60', 1, 1, 1], ['46', 2, 2, 1], ['85', 0, 2, 12], ['21', 0, 1, 20]]
INFO:root:after sort desc robotPlacement [['21', 0, 1, 20], ['85', 0, 2, 12], ['60', 1, 1, 1], ['46', 2, 2, 1], ['95', 1, 3, 0]]
INFO:root:60 is the lowest robot with distance 0 for space number 1 at location 0, 1
INFO:root:95 is the lowest robot with distance 8 for space number 2 at location 0, 2
INFO:root:85 is the lowest robot with distance 12 for space number 3 at location 1, 1
INFO:root:46 is the lowest robot with distance 1 for space number 4 at location 2, 2
INFO:root:21 is the lowest robot with distance 16 for space number 5 at location 1, 3
INFO:root:before sort ascend robotPlacement [['60', 0, 1, 0], ['95', 0, 2, 8], ['85', 1, 1, 12], ['46', 2, 2, 1], ['21', 1, 3, 16]]
INFO:root:after sort ascend robotPlacement [['60', 0, 1, 0], ['46', 2, 2, 1], ['95', 0, 2, 8], ['85', 1, 1, 12], ['21', 1, 3, 16]]
INFO:root:robotPlacement = [['60', 0, 1, 0], ['46', 2, 2, 1], ['95', 0, 2, 8], ['85', 1, 1, 12], ['21', 1, 3, 16]]
INFO:root:robotPlacement after sort = [['60', 0, 1, 0], ['46', 2, 2, 1], ['95', 0, 2, 8], ['85', 1, 1, 12], ['21', 1, 3, 16]]
INFO:root:MoveAndSend - id:60 destx:0 destY:1 curX:0 curY:1
INFO:root:Starting 'L' path for robot:60
INFO:root:Calling MoveVert 'L' for robot:60 xMove:0 yMove:1 moveDown:True
INFO:root:tryMoveVert finished and got [0 1]
INFO:root:Path found! - []
INFO:root:path actually isn't found!
INFO:root:n move
INFO:root:Robot60 finished recieving message - ['60', 'Move', 'n']
INFO:root:Robot95 finished recieving message - ['60', 'Move', 'n']
INFO:root:Robot60 About to move!
INFO:root:Robot21 finished recieving message - ['60', 'Move', 'n']
INFO:root:Robot85 finished recieving message - ['60', 'Move', 'n']
INFO:root:Robot46 finished recieving message - ['60', 'Move', 'n']
INFO:root:pathList after moving robot:60 = []
INFO:root:MoveAndSend - id:46 destx:2 destY:2 curX:2 curY:3
INFO:root:Starting 'L' path for robot:46
INFO:root:Calling MoveVert 'L' for robot:46 xMove:2 yMove:3 moveDown:False
INFO:root:tryMoveVert finished and got [2 2]
INFO:root:Path found! - [[2, 2, 2]]
INFO:root:u move
INFO:root:Robot60 finished recieving message - ['46', 'Move', 'u']
INFO:root:Robot95 finished recieving message - ['46', 'Move', 'u']
INFO:root:Robot21 finished recieving message - ['46', 'Move', 'u']
INFO:root:Robot85 finished recieving message - ['46', 'Move', 'u']
INFO:root:Robot46 finished recieving message - ['46', 'Move', 'u']
INFO:root:Robot46 About to move!
INFO:root:pathList after moving robot:46 = ['2 2 2']
INFO:root:update for 46 curX-2  curY-2  prevX-2  prevY-3
INFO:root:MoveAndSend - id:95 destx:0 destY:2 curX:1 curY:3
INFO:root:Starting 'L' path for robot:95
INFO:root:Calling MoveVert 'L' for robot:95 xMove:1 yMove:3 moveDown:False
INFO:root:tryMoveVert finished and got [1 3]
INFO:root:tryMoveHor succeeded and got [0 3]
INFO:root:Starting 'L' path for robot:95
INFO:root:Calling MoveVert 'L' for robot:95 xMove:0 yMove:3 moveDown:False
INFO:root:tryMoveVert finished and got [0 2]
INFO:root:Path found! - [[1, 0, 3], [2, 0, 2]]
INFO:root:l move
INFO:root:Robot60 finished recieving message - ['95', 'Move', 'l']
INFO:root:Robot95 finished recieving message - ['95', 'Move', 'l']
INFO:root:Robot21 finished recieving message - ['95', 'Move', 'l']
INFO:root:Robot95 About to move!
INFO:root:Robot85 finished recieving message - ['95', 'Move', 'l']
INFO:root:update for 95 curX-0  curY-3  prevX-1  prevY-3
INFO:root:Robot46 finished recieving message - ['95', 'Move', 'l']
INFO:root:pathList after moving robot:95 = ['2 2 2', '1 0 3', '2 0 2']
INFO:root:MoveAndSend - id:85 destx:1 destY:1 curX:1 curY:4
INFO:root:Starting 'L' path for robot:85
INFO:root:Calling MoveVert 'L' for robot:85 xMove:1 yMove:4 moveDown:False
INFO:root:tryMoveVert finished and got [1 3]
INFO:root:Starting 'L' path for robot:85
INFO:root:Calling MoveVert 'L' for robot:85 xMove:1 yMove:3 moveDown:False
INFO:root:tryMoveVert finished and got [1 3]
ERROR:root:No valid 'L' path for robot:85! Stuck on [1, 3] so try arc path!
INFO:root:Starting arc path past depth to dest Y for robot:<built-in function id>
INFO:root:tryMoveHor succeeded and got [1 5]
INFO:root:Calling MoveVert arcPath for robot:<built-in function id> xMove:1 yMove:5 not moveDown:True
INFO:root:tryMoveVert finished and got [1 3]
INFO:root:Starting arc path past depth to dest Y for robot:<built-in function id>
INFO:root:tryMoveHor succeeded and got [1 3]
INFO:root:Calling MoveVert arcPath for robot:<built-in function id> xMove:1 yMove:3 not moveDown:False
INFO:root:tryMoveVert finished and got [1 4]
INFO:root:Do nothing path for robot:85!
INFO:root:n move
INFO:root:Robot60 finished recieving message - ['85', 'Move', 'n']
INFO:root:Robot95 finished recieving message - ['85', 'Move', 'n']
INFO:root:Robot21 finished recieving message - ['85', 'Move', 'n']
INFO:root:Robot85 finished recieving message - ['85', 'Move', 'n']
INFO:root:Robot85 About to move!
INFO:root:Robot46 finished recieving message - ['85', 'Move', 'n']
INFO:root:pathList after moving robot:85 = ['2 2 2', '1 0 3', '2 0 2', '1 1 4']
INFO:root:MoveAndSend - id:21 destx:1 destY:3 curX:4 curY:2
INFO:root:Starting 'L' path for robot:21
INFO:root:Calling MoveVert 'L' for robot:21 xMove:4 yMove:2 moveDown:True
INFO:root:tryMoveVert finished and got [4 3]
INFO:root:tryMoveHor succeeded and got [1 3]
INFO:root:Path found! - [[2, 4, 3], [3, 3, 3], [4, 2, 3], [5, 1, 3]]
INFO:root:d move
INFO:root:update for 21 curX-4  curY-3  prevX-4  prevY-2
INFO:root:pathList after moving robot:21 = ['2 2 2', '1 0 3', '2 0 2', '1 1 4', '2 4 3', '3 3 3', '4 2 3', '5 1 3']
INFO:root:Robot60 finished recieving message - [46, 'position', [2, 2]]
INFO:root:Robot60 finished recieving message - [95, 'position', [0, 3]]
INFO:root:Robot95 finished recieving message - [60, 'position', [0, 1]]
INFO:root:Robot95 finished recieving message - [46, 'position', [2, 2]]
INFO:root:Robot60 finished recieving message - [85, 'position', [1, 4]]
INFO:root:Robot60 finished recieving message - [21, 'position', [4, 3]]
INFO:root:Robot21 finished recieving message - [95, 'position', [0, 3]]
INFO:root:Robot21 finished recieving message - [60, 'position', [0, 1]]
INFO:root:Robot21 finished recieving message - [46, 'position', [2, 2]]
INFO:root:Robot95 finished recieving message - [85, 'position', [1, 4]]
INFO:root:Robot95 finished recieving message - [21, 'position', [4, 3]]
INFO:root:Robot85 finished recieving message - [95, 'position', [0, 3]]
INFO:root:Robot85 finished recieving message - [60, 'position', [0, 1]]
INFO:root:Robot85 finished recieving message - [46, 'position', [2, 2]]
INFO:root:Robot21 finished recieving message - [85, 'position', [1, 4]]
INFO:root:Robot85 finished recieving message - [21, 'position', [4, 3]]
INFO:root:Robot46 finished recieving message - [95, 'position', [0, 3]]
INFO:root:Robot46 finished recieving message - [60, 'position', [0, 1]]
INFO:root:Robot46 start while
INFO:root:Robot46 finished recieving message - [85, 'position', [1, 4]]
INFO:root:Robot46 finished recieving message - [21, 'position', [4, 3]]
INFO:root:Robot95 start while
INFO:root:Robot60 start while
INFO:root:Robot85 start while
INFO:root:Robot21 start while
INFO:root:Running robotPlacement filling!
INFO:root:starting loop again with numAdded =0
INFO:root:TEMP ADD 46 is the lowest robot with distance 0 for space number 1 at location 2, 2
INFO:root:TEMP ADD 85 is the lowest robot with distance 1 for space number 2 at location 1, 3
INFO:root:TEMP ADD 60 is the lowest robot with distance 1 for space number 3 at location 1, 1
INFO:root:TEMP ADD 95 is the lowest robot with distance 1 for space number 4 at location 0, 2
INFO:root:Starting add ring places to robotPlacementTemp with: tempRobotList=['21'] posListTemp=[[0, 1]]
INFO:root:Ring posListTemp:[[0, 1]] tempRobotList:['21']
INFO:root:TEMP ADD RING21 is the lowest robot with distance 24 at location 0, 1
INFO:root:done with ring - robotPlacementTemp=[['46', 2, 2, 0], ['85', 1, 3, 1], ['60', 1, 1, 1], ['95', 0, 2, 1], ['21', 0, 1, 24]]
INFO:root:before sort desc robotPlacement [['46', 2, 2, 0], ['85', 1, 3, 1], ['60', 1, 1, 1], ['95', 0, 2, 1], ['21', 0, 1, 24]]
INFO:root:after sort desc robotPlacement [['21', 0, 1, 24], ['85', 1, 3, 1], ['60', 1, 1, 1], ['95', 0, 2, 1], ['46', 2, 2, 0]]
INFO:root:60 is the lowest robot with distance 0 for space number 1 at location 0, 1
INFO:root:85 is the lowest robot with distance 1 for space number 2 at location 1, 3
INFO:root:46 is the lowest robot with distance 8 for space number 3 at location 1, 1
INFO:root:95 is the lowest robot with distance 1 for space number 4 at location 0, 2
INFO:root:21 is the lowest robot with distance 3 for space number 5 at location 2, 2
INFO:root:before sort ascend robotPlacement [['60', 0, 1, 0], ['85', 1, 3, 1], ['46', 1, 1, 8], ['95', 0, 2, 1], ['21', 2, 2, 3]]
INFO:root:after sort ascend robotPlacement [['60', 0, 1, 0], ['85', 1, 3, 1], ['95', 0, 2, 1], ['21', 2, 2, 3], ['46', 1, 1, 8]]
INFO:root:robotPlacement = [['60', 0, 1, 0], ['85', 1, 3, 1], ['95', 0, 2, 1], ['21', 2, 2, 3], ['46', 1, 1, 8]]
INFO:root:robotPlacement after sort = [['60', 0, 1, 0], ['85', 1, 3, 1], ['95', 0, 2, 1], ['21', 2, 2, 3], ['46', 1, 1, 8]]
INFO:root:MoveAndSend - id:60 destx:0 destY:1 curX:0 curY:1
INFO:root:Starting 'L' path for robot:60
INFO:root:Calling MoveVert 'L' for robot:60 xMove:0 yMove:1 moveDown:True
INFO:root:tryMoveVert finished and got [0 1]
INFO:root:Path found! - []
INFO:root:path actually isn't found!
INFO:root:n move
INFO:root:Robot60 finished recieving message - ['60', 'Move', 'n']
INFO:root:Robot95 finished recieving message - ['60', 'Move', 'n']
INFO:root:Robot21 finished recieving message - ['60', 'Move', 'n']
INFO:root:Robot85 finished recieving message - ['60', 'Move', 'n']
INFO:root:Robot46 finished recieving message - ['60', 'Move', 'n']
INFO:root:pathList after moving robot:60 = []
INFO:root:Robot60 About to move!
INFO:root:MoveAndSend - id:85 destx:1 destY:3 curX:1 curY:4
INFO:root:Starting 'L' path for robot:85
INFO:root:Calling MoveVert 'L' for robot:85 xMove:1 yMove:4 moveDown:False
INFO:root:tryMoveVert finished and got [1 3]
INFO:root:Path found! - [[2, 1, 3]]
INFO:root:u move
INFO:root:Robot60 finished recieving message - ['85', 'Move', 'u']
INFO:root:Robot95 finished recieving message - ['85', 'Move', 'u']
INFO:root:Robot21 finished recieving message - ['85', 'Move', 'u']
INFO:root:Robot85 finished recieving message - ['85', 'Move', 'u']
INFO:root:Robot46 finished recieving message - ['85', 'Move', 'u']
INFO:root:Robot85 About to move!
INFO:root:pathList after moving robot:85 = ['2 1 3']
INFO:root:update for 85 curX-1  curY-3  prevX-1  prevY-4
INFO:root:MoveAndSend - id:95 destx:0 destY:2 curX:0 curY:3
INFO:root:Starting 'L' path for robot:95
INFO:root:Calling MoveVert 'L' for robot:95 xMove:0 yMove:3 moveDown:False
INFO:root:tryMoveVert finished and got [0 2]
INFO:root:Path found! - [[2, 0, 2]]
INFO:root:u move
INFO:root:Robot60 finished recieving message - ['95', 'Move', 'u']
INFO:root:Robot95 finished recieving message - ['95', 'Move', 'u']
INFO:root:Robot21 finished recieving message - ['95', 'Move', 'u']
INFO:root:Robot85 finished recieving message - ['95', 'Move', 'u']
INFO:root:Robot95 About to move!
INFO:root:Robot46 finished recieving message - ['95', 'Move', 'u']
INFO:root:update for 95 curX-0  curY-2  prevX-0  prevY-3
INFO:root:pathList after moving robot:95 = ['2 1 3', '2 0 2']
INFO:root:MoveAndSend - id:21 destx:2 destY:2 curX:4 curY:3
INFO:root:Starting 'L' path for robot:21
INFO:root:Calling MoveVert 'L' for robot:21 xMove:4 yMove:3 moveDown:False
INFO:root:tryMoveVert finished and got [4 2]
INFO:root:tryMoveHor succeeded and got [2 2]
INFO:root:Path found! - [[2, 4, 2], [3, 3, 2], [4, 2, 2]]
INFO:root:u move
INFO:root:update for 21 curX-4  curY-2  prevX-4  prevY-3
INFO:root:pathList after moving robot:21 = ['2 1 3', '2 0 2', '2 4 2', '3 3 2', '4 2 2']
INFO:root:MoveAndSend - id:46 destx:1 destY:1 curX:2 curY:2
INFO:root:Starting 'L' path for robot:46
INFO:root:Calling MoveVert 'L' for robot:46 xMove:2 yMove:2 moveDown:False
INFO:root:tryMoveVert finished and got [2 1]
INFO:root:tryMoveHor succeeded and got [1 1]
INFO:root:Path found! - [[2, 2, 1], [3, 1, 1]]
INFO:root:u move
INFO:root:Robot60 finished recieving message - ['46', 'Move', 'u']
INFO:root:Robot95 finished recieving message - ['46', 'Move', 'u']
INFO:root:Robot21 finished recieving message - ['46', 'Move', 'u']
INFO:root:Robot85 finished recieving message - ['46', 'Move', 'u']
INFO:root:Robot46 finished recieving message - ['46', 'Move', 'u']
INFO:root:pathList after moving robot:46 = ['2 1 3', '2 0 2', '2 4 2', '3 3 2', '4 2 2', '2 2 1', '3 1 1']
INFO:root:Robot46 About to move!
INFO:root:update for 46 curX-2  curY-1  prevX-2  prevY-2
INFO:root:Robot60 finished recieving message - [21, 'position', [4, 2]]
INFO:root:Robot60 finished recieving message - [85, 'position', [1, 3]]
INFO:root:Robot95 finished recieving message - [60, 'position', [0, 1]]
INFO:root:Robot60 finished recieving message - [95, 'position', [0, 2]]
INFO:root:Robot95 finished recieving message - [21, 'position', [4, 2]]
INFO:root:Robot60 finished recieving message - [46, 'position', [2, 1]]
INFO:root:Robot95 finished recieving message - [85, 'position', [1, 3]]
INFO:root:Robot21 finished recieving message - [60, 'position', [0, 1]]
INFO:root:Robot21 finished recieving message - [95, 'position', [0, 2]]
INFO:root:Robot85 finished recieving message - [21, 'position', [4, 2]]
INFO:root:Robot95 finished recieving message - [46, 'position', [2, 1]]
INFO:root:Robot21 finished recieving message - [85, 'position', [1, 3]]
INFO:root:Robot85 finished recieving message - [60, 'position', [0, 1]]
INFO:root:Robot85 finished recieving message - [95, 'position', [0, 2]]
INFO:root:Robot46 finished recieving message - [21, 'position', [4, 2]]
INFO:root:Robot21 finished recieving message - [46, 'position', [2, 1]]
INFO:root:Robot46 finished recieving message - [85, 'position', [1, 3]]
INFO:root:Robot46 finished recieving message - [60, 'position', [0, 1]]
INFO:root:Robot46 finished recieving message - [95, 'position', [0, 2]]
INFO:root:Robot21 start while
INFO:root:Robot85 finished recieving message - [46, 'position', [2, 1]]
INFO:root:Robot85 start while
INFO:root:Robot60 start while
INFO:root:Robot95 start while
INFO:root:Running robotPlacement filling!
INFO:root:Robot46 start while
INFO:root:starting loop again with numAdded =0
INFO:root:TEMP ADD 85 is the lowest robot with distance 0 for space number 1 at location 1, 3
INFO:root:TEMP ADD 95 is the lowest robot with distance 0 for space number 2 at location 0, 2
INFO:root:TEMP ADD 60 is the lowest robot with distance 1 for space number 3 at location 1, 1
INFO:root:TEMP ADD 46 is the lowest robot with distance 1 for space number 4 at location 2, 2
INFO:root:Starting add ring places to robotPlacementTemp with: tempRobotList=['21'] posListTemp=[[0, 1]]
INFO:root:Ring posListTemp:[[0, 1]] tempRobotList:['21']
INFO:root:TEMP ADD RING21 is the lowest robot with distance 20 at location 0, 1
INFO:root:done with ring - robotPlacementTemp=[['85', 1, 3, 0], ['95', 0, 2, 0], ['60', 1, 1, 1], ['46', 2, 2, 1], ['21', 0, 1, 20]]
INFO:root:before sort desc robotPlacement [['85', 1, 3, 0], ['95', 0, 2, 0], ['60', 1, 1, 1], ['46', 2, 2, 1], ['21', 0, 1, 20]]
INFO:root:after sort desc robotPlacement [['21', 0, 1, 20], ['60', 1, 1, 1], ['46', 2, 2, 1], ['85', 1, 3, 0], ['95', 0, 2, 0]]
INFO:root:60 is the lowest robot with distance 0 for space number 1 at location 0, 1
INFO:root:46 is the lowest robot with distance 1 for space number 2 at location 1, 1
INFO:root:21 is the lowest robot with distance 2 for space number 3 at location 2, 2
INFO:root:85 is the lowest robot with distance 0 for space number 4 at location 1, 3
INFO:root:95 is the lowest robot with distance 0 for space number 5 at location 0, 2
INFO:root:before sort ascend robotPlacement [['60', 0, 1, 0], ['46', 1, 1, 1], ['21', 2, 2, 2], ['85', 1, 3, 0], ['95', 0, 2, 0]]
INFO:root:after sort ascend robotPlacement [['60', 0, 1, 0], ['85', 1, 3, 0], ['95', 0, 2, 0], ['46', 1, 1, 1], ['21', 2, 2, 2]]
INFO:root:robotPlacement = [['60', 0, 1, 0], ['85', 1, 3, 0], ['95', 0, 2, 0], ['46', 1, 1, 1], ['21', 2, 2, 2]]
INFO:root:robotPlacement after sort = [['60', 0, 1, 0], ['85', 1, 3, 0], ['95', 0, 2, 0], ['46', 1, 1, 1], ['21', 2, 2, 2]]
INFO:root:MoveAndSend - id:60 destx:0 destY:1 curX:0 curY:1
INFO:root:Starting 'L' path for robot:60
INFO:root:Calling MoveVert 'L' for robot:60 xMove:0 yMove:1 moveDown:True
INFO:root:tryMoveVert finished and got [0 1]
INFO:root:Path found! - []
INFO:root:path actually isn't found!
INFO:root:n move
INFO:root:Robot60 finished recieving message - ['60', 'Move', 'n']
INFO:root:Robot95 finished recieving message - ['60', 'Move', 'n']
INFO:root:Robot21 finished recieving message - ['60', 'Move', 'n']
INFO:root:Robot85 finished recieving message - ['60', 'Move', 'n']
INFO:root:Robot46 finished recieving message - ['60', 'Move', 'n']
INFO:root:pathList after moving robot:60 = []
INFO:root:MoveAndSend - id:85 destx:1 destY:3 curX:1 curY:3
INFO:root:Robot60 About to move!
INFO:root:Starting 'L' path for robot:85
INFO:root:Calling MoveVert 'L' for robot:85 xMove:1 yMove:3 moveDown:True
INFO:root:tryMoveVert finished and got [1 3]
INFO:root:Path found! - []
INFO:root:path actually isn't found!
INFO:root:n move
INFO:root:Robot60 finished recieving message - ['85', 'Move', 'n']
INFO:root:Robot95 finished recieving message - ['85', 'Move', 'n']
INFO:root:Robot21 finished recieving message - ['85', 'Move', 'n']
INFO:root:Robot85 finished recieving message - ['85', 'Move', 'n']
INFO:root:Robot46 finished recieving message - ['85', 'Move', 'n']
INFO:root:Robot85 About to move!
INFO:root:pathList after moving robot:85 = []
INFO:root:MoveAndSend - id:95 destx:0 destY:2 curX:0 curY:2
INFO:root:Starting 'L' path for robot:95
INFO:root:Calling MoveVert 'L' for robot:95 xMove:0 yMove:2 moveDown:True
INFO:root:tryMoveVert finished and got [0 2]
INFO:root:Path found! - []
INFO:root:path actually isn't found!
INFO:root:n move
INFO:root:Robot60 finished recieving message - ['95', 'Move', 'n']
INFO:root:Robot95 finished recieving message - ['95', 'Move', 'n']
INFO:root:Robot21 finished recieving message - ['95', 'Move', 'n']
INFO:root:Robot85 finished recieving message - ['95', 'Move', 'n']
INFO:root:Robot95 About to move!
INFO:root:Robot46 finished recieving message - ['95', 'Move', 'n']
INFO:root:pathList after moving robot:95 = []
INFO:root:MoveAndSend - id:46 destx:1 destY:1 curX:2 curY:1
INFO:root:Starting 'L' path for robot:46
INFO:root:Calling MoveVert 'L' for robot:46 xMove:2 yMove:1 moveDown:True
INFO:root:tryMoveVert finished and got [2 1]
INFO:root:tryMoveHor succeeded and got [1 1]
INFO:root:Path found! - [[2, 1, 1]]
INFO:root:l move
INFO:root:Robot60 finished recieving message - ['46', 'Move', 'l']
INFO:root:Robot95 finished recieving message - ['46', 'Move', 'l']
INFO:root:Robot21 finished recieving message - ['46', 'Move', 'l']
INFO:root:Robot85 finished recieving message - ['46', 'Move', 'l']
INFO:root:Robot46 finished recieving message - ['46', 'Move', 'l']
INFO:root:pathList after moving robot:46 = ['2 1 1']
INFO:root:MoveAndSend - id:21 destx:2 destY:2 curX:4 curY:2
INFO:root:Starting 'L' path for robot:21
INFO:root:Calling MoveVert 'L' for robot:21 xMove:4 yMove:2 moveDown:True
INFO:root:tryMoveVert finished and got [4 2]
INFO:root:tryMoveHor succeeded and got [2 2]
INFO:root:Path found! - [[2, 3, 2], [3, 2, 2]]
INFO:root:l move
INFO:root:update for 21 curX-3  curY-2  prevX-4  prevY-2
INFO:root:pathList after moving robot:21 = ['2 1 1', '2 3 2', '3 2 2']
INFO:root:Robot46 About to move!
INFO:root:update for 46 curX-1  curY-1  prevX-2  prevY-1
INFO:root:Robot60 finished recieving message - [46, 'position', [1, 1]]
INFO:root:Robot60 finished recieving message - [95, 'position', [0, 2]]
INFO:root:Robot60 finished recieving message - [85, 'position', [1, 3]]
INFO:root:Robot95 finished recieving message - [60, 'position', [0, 1]]
INFO:root:Robot60 finished recieving message - [21, 'position', [3, 2]]
INFO:root:Robot95 finished recieving message - [46, 'position', [1, 1]]
INFO:root:Robot21 finished recieving message - [95, 'position', [0, 2]]
INFO:root:Robot95 finished recieving message - [85, 'position', [1, 3]]
INFO:root:Robot21 finished recieving message - [60, 'position', [0, 1]]
INFO:root:Robot95 finished recieving message - [21, 'position', [3, 2]]
INFO:root:Robot21 finished recieving message - [46, 'position', [1, 1]]
INFO:root:Robot85 finished recieving message - [95, 'position', [0, 2]]
INFO:root:Robot21 finished recieving message - [85, 'position', [1, 3]]
INFO:root:Robot85 finished recieving message - [60, 'position', [0, 1]]
INFO:root:Robot85 finished recieving message - [21, 'position', [3, 2]]
INFO:root:Robot85 finished recieving message - [46, 'position', [1, 1]]
INFO:root:Robot46 finished recieving message - [95, 'position', [0, 2]]
INFO:root:Robot46 finished recieving message - [85, 'position', [1, 3]]
INFO:root:Robot46 finished recieving message - [60, 'position', [0, 1]]
INFO:root:Robot46 finished recieving message - [21, 'position', [3, 2]]
INFO:root:Robot46 start while
INFO:root:Robot95 start while
INFO:root:Robot85 start while
INFO:root:Robot60 start while
INFO:root:Robot21 start while
INFO:root:Running robotPlacement filling!
INFO:root:starting loop again with numAdded =0
INFO:root:TEMP ADD 46 is the lowest robot with distance 0 for space number 1 at location 1, 1
INFO:root:TEMP ADD 85 is the lowest robot with distance 0 for space number 2 at location 1, 3
INFO:root:TEMP ADD 95 is the lowest robot with distance 0 for space number 3 at location 0, 2
INFO:root:TEMP ADD 21 is the lowest robot with distance 1 for space number 4 at location 2, 2
INFO:root:Starting add ring places to robotPlacementTemp with: tempRobotList=['60'] posListTemp=[[0, 1]]
INFO:root:Ring posListTemp:[[0, 1]] tempRobotList:['60']
INFO:root:TEMP ADD RING60 is the lowest robot with distance 0 at location 0, 1
INFO:root:done with ring - robotPlacementTemp=[['46', 1, 1, 0], ['85', 1, 3, 0], ['95', 0, 2, 0], ['21', 2, 2, 1], ['60', 0, 1, 0]]
INFO:root:before sort desc robotPlacement [['46', 1, 1, 0], ['85', 1, 3, 0], ['95', 0, 2, 0], ['21', 2, 2, 1], ['60', 0, 1, 0]]
INFO:root:after sort desc robotPlacement [['21', 2, 2, 1], ['46', 1, 1, 0], ['85', 1, 3, 0], ['95', 0, 2, 0], ['60', 0, 1, 0]]
INFO:root:21 is the lowest robot with distance 1 for space number 1 at location 2, 2
INFO:root:46 is the lowest robot with distance 0 for space number 2 at location 1, 1
INFO:root:85 is the lowest robot with distance 0 for space number 3 at location 1, 3
INFO:root:95 is the lowest robot with distance 0 for space number 4 at location 0, 2
INFO:root:60 is the lowest robot with distance 0 for space number 5 at location 0, 1
INFO:root:before sort ascend robotPlacement [['21', 2, 2, 1], ['46', 1, 1, 0], ['85', 1, 3, 0], ['95', 0, 2, 0], ['60', 0, 1, 0]]
INFO:root:after sort ascend robotPlacement [['46', 1, 1, 0], ['85', 1, 3, 0], ['95', 0, 2, 0], ['60', 0, 1, 0], ['21', 2, 2, 1]]
INFO:root:robotPlacement = [['46', 1, 1, 0], ['85', 1, 3, 0], ['95', 0, 2, 0], ['60', 0, 1, 0], ['21', 2, 2, 1]]
INFO:root:robotPlacement after sort = [['46', 1, 1, 0], ['85', 1, 3, 0], ['95', 0, 2, 0], ['60', 0, 1, 0], ['21', 2, 2, 1]]
INFO:root:MoveAndSend - id:46 destx:1 destY:1 curX:1 curY:1
INFO:root:Starting 'L' path for robot:46
INFO:root:Calling MoveVert 'L' for robot:46 xMove:1 yMove:1 moveDown:True
INFO:root:tryMoveVert finished and got [1 1]
INFO:root:Path found! - []
INFO:root:path actually isn't found!
INFO:root:n move
INFO:root:Robot60 finished recieving message - ['46', 'Move', 'n']
INFO:root:Robot95 finished recieving message - ['46', 'Move', 'n']
INFO:root:Robot21 finished recieving message - ['46', 'Move', 'n']
INFO:root:Robot85 finished recieving message - ['46', 'Move', 'n']
INFO:root:Robot46 finished recieving message - ['46', 'Move', 'n']
INFO:root:pathList after moving robot:46 = []
INFO:root:MoveAndSend - id:85 destx:1 destY:3 curX:1 curY:3
INFO:root:Starting 'L' path for robot:85
INFO:root:Calling MoveVert 'L' for robot:85 xMove:1 yMove:3 moveDown:True
INFO:root:tryMoveVert finished and got [1 3]
INFO:root:Path found! - []
INFO:root:path actually isn't found!
INFO:root:Robot46 About to move!
INFO:root:n move
INFO:root:Robot60 finished recieving message - ['85', 'Move', 'n']
INFO:root:Robot95 finished recieving message - ['85', 'Move', 'n']
INFO:root:Robot21 finished recieving message - ['85', 'Move', 'n']
INFO:root:Robot85 finished recieving message - ['85', 'Move', 'n']
INFO:root:Robot85 About to move!
INFO:root:Robot46 finished recieving message - ['85', 'Move', 'n']
INFO:root:pathList after moving robot:85 = []
INFO:root:MoveAndSend - id:95 destx:0 destY:2 curX:0 curY:2
INFO:root:Starting 'L' path for robot:95
INFO:root:Calling MoveVert 'L' for robot:95 xMove:0 yMove:2 moveDown:True
INFO:root:tryMoveVert finished and got [0 2]
INFO:root:Path found! - []
INFO:root:path actually isn't found!
INFO:root:n move
INFO:root:Robot60 finished recieving message - ['95', 'Move', 'n']
INFO:root:Robot95 finished recieving message - ['95', 'Move', 'n']
INFO:root:Robot21 finished recieving message - ['95', 'Move', 'n']
INFO:root:Robot85 finished recieving message - ['95', 'Move', 'n']
INFO:root:Robot46 finished recieving message - ['95', 'Move', 'n']
INFO:root:pathList after moving robot:95 = []
INFO:root:Robot95 About to move!
INFO:root:MoveAndSend - id:60 destx:0 destY:1 curX:0 curY:1
INFO:root:Starting 'L' path for robot:60
INFO:root:Calling MoveVert 'L' for robot:60 xMove:0 yMove:1 moveDown:True
INFO:root:tryMoveVert finished and got [0 1]
INFO:root:Path found! - []
INFO:root:path actually isn't found!
INFO:root:n move
INFO:root:Robot60 finished recieving message - ['60', 'Move', 'n']
INFO:root:Robot60 About to move!
INFO:root:Robot95 finished recieving message - ['60', 'Move', 'n']
INFO:root:Robot21 finished recieving message - ['60', 'Move', 'n']
INFO:root:Robot85 finished recieving message - ['60', 'Move', 'n']
INFO:root:Robot46 finished recieving message - ['60', 'Move', 'n']
INFO:root:pathList after moving robot:60 = []
INFO:root:MoveAndSend - id:21 destx:2 destY:2 curX:3 curY:2
INFO:root:Starting 'L' path for robot:21
INFO:root:Calling MoveVert 'L' for robot:21 xMove:3 yMove:2 moveDown:True
INFO:root:tryMoveVert finished and got [3 2]
INFO:root:tryMoveHor succeeded and got [2 2]
INFO:root:Path found! - [[2, 2, 2]]
INFO:root:l move
INFO:root:update for 21 curX-2  curY-2  prevX-3  prevY-2
INFO:root:pathList after moving robot:21 = ['2 2 2']
INFO:root:Robot60 finished recieving message - [95, 'position', [0, 2]]
INFO:root:Robot60 finished recieving message - [46, 'position', [1, 1]]
INFO:root:Robot60 finished recieving message - [85, 'position', [1, 3]]
INFO:root:Robot60 finished recieving message - [21, 'position', [2, 2]]
INFO:root:Robot95 finished recieving message - [60, 'position', [0, 1]]
INFO:root:Robot21 finished recieving message - [95, 'position', [0, 2]]
INFO:root:Robot95 finished recieving message - [46, 'position', [1, 1]]
INFO:root:Robot95 finished recieving message - [85, 'position', [1, 3]]
INFO:root:Robot95 finished recieving message - [21, 'position', [2, 2]]
INFO:root:Robot21 finished recieving message - [60, 'position', [0, 1]]
INFO:root:Robot85 finished recieving message - [95, 'position', [0, 2]]
INFO:root:Robot21 finished recieving message - [46, 'position', [1, 1]]
INFO:root:Robot21 finished recieving message - [85, 'position', [1, 3]]
INFO:root:Robot85 finished recieving message - [21, 'position', [2, 2]]
INFO:root:Robot85 finished recieving message - [60, 'position', [0, 1]]
INFO:root:Robot46 finished recieving message - [95, 'position', [0, 2]]
INFO:root:Robot85 finished recieving message - [46, 'position', [1, 1]]
INFO:root:Robot46 finished recieving message - [85, 'position', [1, 3]]
INFO:root:Robot46 finished recieving message - [21, 'position', [2, 2]]
INFO:root:Robot46 finished recieving message - [60, 'position', [0, 1]]
INFO:root:Robot95 start while
INFO:root:Robot46 start while
INFO:root:Robot85 start while
INFO:root:Robot21 start while
INFO:root:Robot60 start while
INFO:root:Running robotPlacement filling!
INFO:root:starting loop again with numAdded =0
INFO:root:TEMP ADD 21 is the lowest robot with distance 0 for space number 1 at location 2, 2
INFO:root:TEMP ADD 46 is the lowest robot with distance 0 for space number 2 at location 1, 1
INFO:root:TEMP ADD 85 is the lowest robot with distance 0 for space number 3 at location 1, 3
INFO:root:TEMP ADD 95 is the lowest robot with distance 0 for space number 4 at location 0, 2
INFO:root:Starting add ring places to robotPlacementTemp with: tempRobotList=['60'] posListTemp=[[0, 1]]
INFO:root:Ring posListTemp:[[0, 1]] tempRobotList:['60']
INFO:root:TEMP ADD RING60 is the lowest robot with distance 0 at location 0, 1
INFO:root:done with ring - robotPlacementTemp=[['21', 2, 2, 0], ['46', 1, 1, 0], ['85', 1, 3, 0], ['95', 0, 2, 0], ['60', 0, 1, 0]]
INFO:root:before sort desc robotPlacement [['21', 2, 2, 0], ['46', 1, 1, 0], ['85', 1, 3, 0], ['95', 0, 2, 0], ['60', 0, 1, 0]]
INFO:root:after sort desc robotPlacement [['21', 2, 2, 0], ['46', 1, 1, 0], ['85', 1, 3, 0], ['95', 0, 2, 0], ['60', 0, 1, 0]]
INFO:root:21 is the lowest robot with distance 0 for space number 1 at location 2, 2
INFO:root:46 is the lowest robot with distance 0 for space number 2 at location 1, 1
INFO:root:85 is the lowest robot with distance 0 for space number 3 at location 1, 3
INFO:root:95 is the lowest robot with distance 0 for space number 4 at location 0, 2
INFO:root:60 is the lowest robot with distance 0 for space number 5 at location 0, 1
INFO:root:before sort ascend robotPlacement [['21', 2, 2, 0], ['46', 1, 1, 0], ['85', 1, 3, 0], ['95', 0, 2, 0], ['60', 0, 1, 0]]
INFO:root:after sort ascend robotPlacement [['21', 2, 2, 0], ['46', 1, 1, 0], ['85', 1, 3, 0], ['95', 0, 2, 0], ['60', 0, 1, 0]]
INFO:root:robotPlacement = [['21', 2, 2, 0], ['46', 1, 1, 0], ['85', 1, 3, 0], ['95', 0, 2, 0], ['60', 0, 1, 0]]
INFO:root:robotPlacement after sort = [['21', 2, 2, 0], ['46', 1, 1, 0], ['85', 1, 3, 0], ['95', 0, 2, 0], ['60', 0, 1, 0]]
INFO:root:MoveAndSend - id:21 destx:2 destY:2 curX:2 curY:2
INFO:root:Starting 'L' path for robot:21
INFO:root:Calling MoveVert 'L' for robot:21 xMove:2 yMove:2 moveDown:True
INFO:root:tryMoveVert finished and got [2 2]
INFO:root:Path found! - []
INFO:root:path actually isn't found!
INFO:root:n move
INFO:root:pathList after moving robot:21 = []
INFO:root:MoveAndSend - id:46 destx:1 destY:1 curX:1 curY:1
INFO:root:Starting 'L' path for robot:46
INFO:root:Calling MoveVert 'L' for robot:46 xMove:1 yMove:1 moveDown:True
INFO:root:tryMoveVert finished and got [1 1]
INFO:root:Path found! - []
INFO:root:path actually isn't found!
INFO:root:n move
INFO:root:Robot60 finished recieving message - ['46', 'Move', 'n']
INFO:root:Robot95 finished recieving message - ['46', 'Move', 'n']
INFO:root:Robot21 finished recieving message - ['46', 'Move', 'n']
INFO:root:Robot85 finished recieving message - ['46', 'Move', 'n']
INFO:root:Robot46 finished recieving message - ['46', 'Move', 'n']
INFO:root:pathList after moving robot:46 = []
INFO:root:MoveAndSend - id:85 destx:1 destY:3 curX:1 curY:3
INFO:root:Robot46 About to move!
INFO:root:Starting 'L' path for robot:85
INFO:root:Calling MoveVert 'L' for robot:85 xMove:1 yMove:3 moveDown:True
INFO:root:tryMoveVert finished and got [1 3]
INFO:root:Path found! - []
INFO:root:path actually isn't found!
INFO:root:n move
INFO:root:Robot60 finished recieving message - ['85', 'Move', 'n']
INFO:root:Robot95 finished recieving message - ['85', 'Move', 'n']
INFO:root:Robot21 finished recieving message - ['85', 'Move', 'n']
INFO:root:Robot85 finished recieving message - ['85', 'Move', 'n']
INFO:root:Robot46 finished recieving message - ['85', 'Move', 'n']
INFO:root:Robot85 About to move!
INFO:root:pathList after moving robot:85 = []
INFO:root:MoveAndSend - id:95 destx:0 destY:2 curX:0 curY:2
INFO:root:Starting 'L' path for robot:95
INFO:root:Calling MoveVert 'L' for robot:95 xMove:0 yMove:2 moveDown:True
INFO:root:tryMoveVert finished and got [0 2]
INFO:root:Path found! - []
INFO:root:path actually isn't found!
INFO:root:n move
INFO:root:Robot60 finished recieving message - ['95', 'Move', 'n']
INFO:root:Robot95 finished recieving message - ['95', 'Move', 'n']
INFO:root:Robot95 About to move!
INFO:root:Robot21 finished recieving message - ['95', 'Move', 'n']
INFO:root:Robot85 finished recieving message - ['95', 'Move', 'n']
INFO:root:Robot46 finished recieving message - ['95', 'Move', 'n']
INFO:root:pathList after moving robot:95 = []
INFO:root:MoveAndSend - id:60 destx:0 destY:1 curX:0 curY:1
INFO:root:Starting 'L' path for robot:60
INFO:root:Calling MoveVert 'L' for robot:60 xMove:0 yMove:1 moveDown:True
INFO:root:tryMoveVert finished and got [0 1]
INFO:root:Path found! - []
INFO:root:path actually isn't found!
INFO:root:n move
INFO:root:Robot60 finished recieving message - ['60', 'Move', 'n']
INFO:root:Robot60 About to move!
INFO:root:Robot95 finished recieving message - ['60', 'Move', 'n']
INFO:root:Robot21 finished recieving message - ['60', 'Move', 'n']
INFO:root:Robot85 finished recieving message - ['60', 'Move', 'n']
INFO:root:Robot46 finished recieving message - ['60', 'Move', 'n']
INFO:root:pathList after moving robot:60 = []
INFO:root:Robot95 finished recieving message - [60, 'position', [0, 1]]
INFO:root:Robot60 finished recieving message - [85, 'position', [1, 3]]
INFO:root:Robot60 finished recieving message - [46, 'position', [1, 1]]
INFO:root:Robot60 finished recieving message - [95, 'position', [0, 2]]
INFO:root:Robot60 finished recieving message - [21, 'position', [2, 2]]
INFO:root:Robot21 finished recieving message - [60, 'position', [0, 1]]
INFO:root:Robot95 finished recieving message - [85, 'position', [1, 3]]
INFO:root:Robot95 finished recieving message - [46, 'position', [1, 1]]
INFO:root:Robot21 finished recieving message - [95, 'position', [0, 2]]
INFO:root:Robot95 finished recieving message - [21, 'position', [2, 2]]
INFO:root:Robot85 finished recieving message - [60, 'position', [0, 1]]
INFO:root:Robot21 finished recieving message - [85, 'position', [1, 3]]
INFO:root:Robot21 finished recieving message - [46, 'position', [1, 1]]
INFO:root:Robot85 finished recieving message - [95, 'position', [0, 2]]
INFO:root:Robot85 finished recieving message - [21, 'position', [2, 2]]
INFO:root:Robot46 finished recieving message - [60, 'position', [0, 1]]
INFO:root:Robot46 finished recieving message - [85, 'position', [1, 3]]
INFO:root:Robot85 finished recieving message - [46, 'position', [1, 1]]
INFO:root:Robot46 finished recieving message - [95, 'position', [0, 2]]
INFO:root:Robot46 finished recieving message - [21, 'position', [2, 2]]
INFO:root:Robot60 start while
INFO:root:Robot85 start while
INFO:root:Robot46 start while
INFO:root:Robot95 start while
INFO:root:Robot21 start while
INFO:root:Running robotPlacement filling!
INFO:root:starting loop again with numAdded =0
INFO:root:TEMP ADD 21 is the lowest robot with distance 0 for space number 1 at location 2, 2
INFO:root:TEMP ADD 85 is the lowest robot with distance 0 for space number 2 at location 1, 3
INFO:root:TEMP ADD 95 is the lowest robot with distance 0 for space number 3 at location 0, 2
INFO:root:TEMP ADD 46 is the lowest robot with distance 0 for space number 4 at location 1, 1
INFO:root:Starting add ring places to robotPlacementTemp with: tempRobotList=['60'] posListTemp=[[0, 1]]
INFO:root:Ring posListTemp:[[0, 1]] tempRobotList:['60']
INFO:root:TEMP ADD RING60 is the lowest robot with distance 0 at location 0, 1
INFO:root:done with ring - robotPlacementTemp=[['21', 2, 2, 0], ['85', 1, 3, 0], ['95', 0, 2, 0], ['46', 1, 1, 0], ['60', 0, 1, 0]]
INFO:root:before sort desc robotPlacement [['21', 2, 2, 0], ['85', 1, 3, 0], ['95', 0, 2, 0], ['46', 1, 1, 0], ['60', 0, 1, 0]]
INFO:root:after sort desc robotPlacement [['21', 2, 2, 0], ['85', 1, 3, 0], ['95', 0, 2, 0], ['46', 1, 1, 0], ['60', 0, 1, 0]]
INFO:root:21 is the lowest robot with distance 0 for space number 1 at location 2, 2
INFO:root:85 is the lowest robot with distance 0 for space number 2 at location 1, 3
INFO:root:95 is the lowest robot with distance 0 for space number 3 at location 0, 2
INFO:root:46 is the lowest robot with distance 0 for space number 4 at location 1, 1
INFO:root:60 is the lowest robot with distance 0 for space number 5 at location 0, 1
INFO:root:before sort ascend robotPlacement [['21', 2, 2, 0], ['85', 1, 3, 0], ['95', 0, 2, 0], ['46', 1, 1, 0], ['60', 0, 1, 0]]
INFO:root:after sort ascend robotPlacement [['21', 2, 2, 0], ['85', 1, 3, 0], ['95', 0, 2, 0], ['46', 1, 1, 0], ['60', 0, 1, 0]]
INFO:root:robotPlacement = [['21', 2, 2, 0], ['85', 1, 3, 0], ['95', 0, 2, 0], ['46', 1, 1, 0], ['60', 0, 1, 0]]
INFO:root:robotPlacement after sort = [['21', 2, 2, 0], ['85', 1, 3, 0], ['95', 0, 2, 0], ['46', 1, 1, 0], ['60', 0, 1, 0]]
INFO:root:MoveAndSend - id:21 destx:2 destY:2 curX:2 curY:2
INFO:root:Starting 'L' path for robot:21
INFO:root:Calling MoveVert 'L' for robot:21 xMove:2 yMove:2 moveDown:True
INFO:root:tryMoveVert finished and got [2 2]
INFO:root:Path found! - []
INFO:root:path actually isn't found!
INFO:root:n move
INFO:root:pathList after moving robot:21 = []
INFO:root:MoveAndSend - id:85 destx:1 destY:3 curX:1 curY:3
INFO:root:Starting 'L' path for robot:85
INFO:root:Calling MoveVert 'L' for robot:85 xMove:1 yMove:3 moveDown:True
INFO:root:tryMoveVert finished and got [1 3]
INFO:root:Path found! - []
INFO:root:path actually isn't found!
INFO:root:n move
INFO:root:Robot60 finished recieving message - ['85', 'Move', 'n']
INFO:root:Robot95 finished recieving message - ['85', 'Move', 'n']
INFO:root:Robot21 finished recieving message - ['85', 'Move', 'n']
INFO:root:Robot85 finished recieving message - ['85', 'Move', 'n']
INFO:root:Robot85 About to move!
INFO:root:Robot46 finished recieving message - ['85', 'Move', 'n']
INFO:root:pathList after moving robot:85 = []
INFO:root:MoveAndSend - id:95 destx:0 destY:2 curX:0 curY:2
INFO:root:Starting 'L' path for robot:95
INFO:root:Calling MoveVert 'L' for robot:95 xMove:0 yMove:2 moveDown:True
INFO:root:tryMoveVert finished and got [0 2]
INFO:root:Path found! - []
INFO:root:path actually isn't found!
INFO:root:n move
INFO:root:Robot60 finished recieving message - ['95', 'Move', 'n']
INFO:root:Robot95 finished recieving message - ['95', 'Move', 'n']
INFO:root:Robot21 finished recieving message - ['95', 'Move', 'n']
INFO:root:Robot85 finished recieving message - ['95', 'Move', 'n']
INFO:root:Robot46 finished recieving message - ['95', 'Move', 'n']
INFO:root:pathList after moving robot:95 = []
INFO:root:Robot95 About to move!
INFO:root:MoveAndSend - id:46 destx:1 destY:1 curX:1 curY:1
INFO:root:Starting 'L' path for robot:46
INFO:root:Calling MoveVert 'L' for robot:46 xMove:1 yMove:1 moveDown:True
INFO:root:tryMoveVert finished and got [1 1]
INFO:root:Path found! - []
INFO:root:path actually isn't found!
INFO:root:n move
INFO:root:Robot60 finished recieving message - ['46', 'Move', 'n']
INFO:root:Robot95 finished recieving message - ['46', 'Move', 'n']
INFO:root:Robot21 finished recieving message - ['46', 'Move', 'n']
INFO:root:Robot85 finished recieving message - ['46', 'Move', 'n']
INFO:root:Robot46 finished recieving message - ['46', 'Move', 'n']
INFO:root:pathList after moving robot:46 = []
INFO:root:Robot46 About to move!
INFO:root:MoveAndSend - id:60 destx:0 destY:1 curX:0 curY:1
INFO:root:Starting 'L' path for robot:60
INFO:root:Calling MoveVert 'L' for robot:60 xMove:0 yMove:1 moveDown:True
INFO:root:tryMoveVert finished and got [0 1]
INFO:root:Path found! - []
INFO:root:path actually isn't found!
INFO:root:n move
INFO:root:Robot60 finished recieving message - ['60', 'Move', 'n']
INFO:root:Robot60 About to move!
INFO:root:Robot95 finished recieving message - ['60', 'Move', 'n']
INFO:root:Robot21 finished recieving message - ['60', 'Move', 'n']
INFO:root:Robot85 finished recieving message - ['60', 'Move', 'n']
INFO:root:Robot46 finished recieving message - ['60', 'Move', 'n']
INFO:root:pathList after moving robot:60 = []
INFO:root:Robot60 finished recieving message - [21, 'position', [2, 2]]
INFO:root:Robot95 finished recieving message - [60, 'position', [0, 1]]
INFO:root:Robot60 finished recieving message - [46, 'position', [1, 1]]
INFO:root:Robot60 finished recieving message - [95, 'position', [0, 2]]
INFO:root:Robot60 finished recieving message - [85, 'position', [1, 3]]
INFO:root:Robot95 finished recieving message - [21, 'position', [2, 2]]
INFO:root:Robot21 finished recieving message - [60, 'position', [0, 1]]
INFO:root:Robot95 finished recieving message - [46, 'position', [1, 1]]
INFO:root:Robot21 finished recieving message - [95, 'position', [0, 2]]
INFO:root:Robot95 finished recieving message - [85, 'position', [1, 3]]
INFO:root:Robot85 finished recieving message - [21, 'position', [2, 2]]
INFO:root:Robot85 finished recieving message - [60, 'position', [0, 1]]
INFO:root:Robot21 finished recieving message - [46, 'position', [1, 1]]
INFO:root:Robot85 finished recieving message - [95, 'position', [0, 2]]
INFO:root:Robot21 finished recieving message - [85, 'position', [1, 3]]
INFO:root:Robot46 finished recieving message - [21, 'position', [2, 2]]
INFO:root:Robot46 finished recieving message - [60, 'position', [0, 1]]
INFO:root:Robot85 finished recieving message - [46, 'position', [1, 1]]
INFO:root:Robot46 finished recieving message - [95, 'position', [0, 2]]
INFO:root:Robot46 finished recieving message - [85, 'position', [1, 3]]
INFO:root:Robot21 start while
INFO:root:Robot60 start while
INFO:root:Robot46 start while
INFO:root:Robot95 start while
INFO:root:Robot85 start while
INFO:root:Running robotPlacement filling!
INFO:root:starting loop again with numAdded =0
INFO:root:TEMP ADD 21 is the lowest robot with distance 0 for space number 1 at location 2, 2
INFO:root:TEMP ADD 46 is the lowest robot with distance 0 for space number 2 at location 1, 1
INFO:root:TEMP ADD 85 is the lowest robot with distance 0 for space number 3 at location 1, 3
INFO:root:TEMP ADD 95 is the lowest robot with distance 0 for space number 4 at location 0, 2
INFO:root:Starting add ring places to robotPlacementTemp with: tempRobotList=['60'] posListTemp=[[0, 1]]
INFO:root:Ring posListTemp:[[0, 1]] tempRobotList:['60']
INFO:root:TEMP ADD RING60 is the lowest robot with distance 0 at location 0, 1
INFO:root:done with ring - robotPlacementTemp=[['21', 2, 2, 0], ['46', 1, 1, 0], ['85', 1, 3, 0], ['95', 0, 2, 0], ['60', 0, 1, 0]]
INFO:root:before sort desc robotPlacement [['21', 2, 2, 0], ['46', 1, 1, 0], ['85', 1, 3, 0], ['95', 0, 2, 0], ['60', 0, 1, 0]]
INFO:root:after sort desc robotPlacement [['21', 2, 2, 0], ['46', 1, 1, 0], ['85', 1, 3, 0], ['95', 0, 2, 0], ['60', 0, 1, 0]]
INFO:root:21 is the lowest robot with distance 0 for space number 1 at location 2, 2
INFO:root:46 is the lowest robot with distance 0 for space number 2 at location 1, 1
INFO:root:85 is the lowest robot with distance 0 for space number 3 at location 1, 3
INFO:root:95 is the lowest robot with distance 0 for space number 4 at location 0, 2
INFO:root:60 is the lowest robot with distance 0 for space number 5 at location 0, 1
INFO:root:before sort ascend robotPlacement [['21', 2, 2, 0], ['46', 1, 1, 0], ['85', 1, 3, 0], ['95', 0, 2, 0], ['60', 0, 1, 0]]
INFO:root:after sort ascend robotPlacement [['21', 2, 2, 0], ['46', 1, 1, 0], ['85', 1, 3, 0], ['95', 0, 2, 0], ['60', 0, 1, 0]]
INFO:root:robotPlacement = [['21', 2, 2, 0], ['46', 1, 1, 0], ['85', 1, 3, 0], ['95', 0, 2, 0], ['60', 0, 1, 0]]
INFO:root:robotPlacement after sort = [['21', 2, 2, 0], ['46', 1, 1, 0], ['85', 1, 3, 0], ['95', 0, 2, 0], ['60', 0, 1, 0]]
INFO:root:MoveAndSend - id:21 destx:2 destY:2 curX:2 curY:2
INFO:root:Starting 'L' path for robot:21
INFO:root:Calling MoveVert 'L' for robot:21 xMove:2 yMove:2 moveDown:True
INFO:root:tryMoveVert finished and got [2 2]
INFO:root:Path found! - []
INFO:root:path actually isn't found!
INFO:root:n move
INFO:root:pathList after moving robot:21 = []
INFO:root:MoveAndSend - id:46 destx:1 destY:1 curX:1 curY:1
INFO:root:Starting 'L' path for robot:46
INFO:root:Calling MoveVert 'L' for robot:46 xMove:1 yMove:1 moveDown:True
INFO:root:tryMoveVert finished and got [1 1]
INFO:root:Path found! - []
INFO:root:path actually isn't found!
INFO:root:n move
INFO:root:Robot60 finished recieving message - ['46', 'Move', 'n']
INFO:root:Robot95 finished recieving message - ['46', 'Move', 'n']
INFO:root:Robot21 finished recieving message - ['46', 'Move', 'n']
INFO:root:Robot85 finished recieving message - ['46', 'Move', 'n']
INFO:root:Robot46 finished recieving message - ['46', 'Move', 'n']
INFO:root:pathList after moving robot:46 = []
INFO:root:Robot46 About to move!
INFO:root:MoveAndSend - id:85 destx:1 destY:3 curX:1 curY:3
INFO:root:Starting 'L' path for robot:85
INFO:root:Calling MoveVert 'L' for robot:85 xMove:1 yMove:3 moveDown:True
INFO:root:tryMoveVert finished and got [1 3]
INFO:root:Path found! - []
INFO:root:path actually isn't found!
INFO:root:n move
INFO:root:Robot60 finished recieving message - ['85', 'Move', 'n']
INFO:root:Robot95 finished recieving message - ['85', 'Move', 'n']
INFO:root:Robot21 finished recieving message - ['85', 'Move', 'n']
INFO:root:Robot85 finished recieving message - ['85', 'Move', 'n']
INFO:root:Robot85 About to move!
INFO:root:Robot46 finished recieving message - ['85', 'Move', 'n']
INFO:root:pathList after moving robot:85 = []
INFO:root:MoveAndSend - id:95 destx:0 destY:2 curX:0 curY:2
INFO:root:Starting 'L' path for robot:95
INFO:root:Calling MoveVert 'L' for robot:95 xMove:0 yMove:2 moveDown:True
INFO:root:tryMoveVert finished and got [0 2]
INFO:root:Path found! - []
INFO:root:path actually isn't found!
INFO:root:n move
INFO:root:Robot60 finished recieving message - ['95', 'Move', 'n']
INFO:root:Robot95 finished recieving message - ['95', 'Move', 'n']
INFO:root:Robot21 finished recieving message - ['95', 'Move', 'n']
INFO:root:Robot95 About to move!
INFO:root:Robot85 finished recieving message - ['95', 'Move', 'n']
INFO:root:Robot46 finished recieving message - ['95', 'Move', 'n']
INFO:root:pathList after moving robot:95 = []
INFO:root:MoveAndSend - id:60 destx:0 destY:1 curX:0 curY:1
